Performing C SOURCE FILE Test CMAKE_HAVE_LIBC_PTHREAD failed with the following output:
Change Dir: /home/groupe/pointcloud_to_laserscan/build/CMakeFiles/CMakeTmp

Run Build Command(s):/usr/bin/make -f Makefile cmTC_3e4d8/fast && /usr/bin/make  -f CMakeFiles/cmTC_3e4d8.dir/build.make CMakeFiles/cmTC_3e4d8.dir/build
make[1]: Entering directory '/home/groupe/pointcloud_to_laserscan/build/CMakeFiles/CMakeTmp'
Building C object CMakeFiles/cmTC_3e4d8.dir/src.c.o
/usr/bin/cc -DCMAKE_HAVE_LIBC_PTHREAD   -o CMakeFiles/cmTC_3e4d8.dir/src.c.o -c /home/groupe/pointcloud_to_laserscan/build/CMakeFiles/CMakeTmp/src.c
Linking C executable cmTC_3e4d8
/home/groupe/Downloads/cmake-3.24.2-linux-x86_64/bin/cmake -E cmake_link_script CMakeFiles/cmTC_3e4d8.dir/link.txt --verbose=1
/usr/bin/cc -rdynamic CMakeFiles/cmTC_3e4d8.dir/src.c.o -o cmTC_3e4d8 
CMakeFiles/cmTC_3e4d8.dir/src.c.o: In function `main':
src.c:(.text+0x3e): undefined reference to `pthread_create'
src.c:(.text+0x4a): undefined reference to `pthread_detach'
src.c:(.text+0x56): undefined reference to `pthread_cancel'
src.c:(.text+0x67): undefined reference to `pthread_join'
src.c:(.text+0x7b): undefined reference to `pthread_atfork'
collect2: error: ld returned 1 exit status
CMakeFiles/cmTC_3e4d8.dir/build.make:98: recipe for target 'cmTC_3e4d8' failed
make[1]: *** [cmTC_3e4d8] Error 1
make[1]: Leaving directory '/home/groupe/pointcloud_to_laserscan/build/CMakeFiles/CMakeTmp'
Makefile:127: recipe for target 'cmTC_3e4d8/fast' failed
make: *** [cmTC_3e4d8/fast] Error 2


Source file was:
#include <pthread.h>

static void* test_func(void* data)
{
  return data;
}

int main(void)
{
  pthread_t thread;
  pthread_create(&thread, NULL, test_func, NULL);
  pthread_detach(thread);
  pthread_cancel(thread);
  pthread_join(thread, NULL);
  pthread_atfork(NULL, NULL, NULL);
  pthread_exit(NULL);

  return 0;
}

Determining if the function pthread_create exists in the pthreads failed with the following output:
Change Dir: /home/groupe/pointcloud_to_laserscan/build/CMakeFiles/CMakeTmp

Run Build Command(s):/usr/bin/make -f Makefile cmTC_f0e03/fast && /usr/bin/make  -f CMakeFiles/cmTC_f0e03.dir/build.make CMakeFiles/cmTC_f0e03.dir/build
make[1]: Entering directory '/home/groupe/pointcloud_to_laserscan/build/CMakeFiles/CMakeTmp'
Building C object CMakeFiles/cmTC_f0e03.dir/CheckFunctionExists.c.o
/usr/bin/cc   -DCHECK_FUNCTION_EXISTS=pthread_create -o CMakeFiles/cmTC_f0e03.dir/CheckFunctionExists.c.o -c /home/groupe/Downloads/cmake-3.24.2-linux-x86_64/share/cmake-3.24/Modules/CheckFunctionExists.c
Linking C executable cmTC_f0e03
/home/groupe/Downloads/cmake-3.24.2-linux-x86_64/bin/cmake -E cmake_link_script CMakeFiles/cmTC_f0e03.dir/link.txt --verbose=1
/usr/bin/cc  -DCHECK_FUNCTION_EXISTS=pthread_create -rdynamic CMakeFiles/cmTC_f0e03.dir/CheckFunctionExists.c.o -o cmTC_f0e03  -lpthreads 
/usr/bin/ld: cannot find -lpthreads
collect2: error: ld returned 1 exit status
CMakeFiles/cmTC_f0e03.dir/build.make:98: recipe for target 'cmTC_f0e03' failed
make[1]: *** [cmTC_f0e03] Error 1
make[1]: Leaving directory '/home/groupe/pointcloud_to_laserscan/build/CMakeFiles/CMakeTmp'
Makefile:127: recipe for target 'cmTC_f0e03/fast' failed
make: *** [cmTC_f0e03/fast] Error 2



